[   12177ms] [ERROR] Failed to load resource: the server responded with a status of 422 () @ https://static.sinsay.com/media/media/SHARED/stronywizerunkowe/sinsay/homepage-new/images/https://media.sinsay.com/media/3/t/o/96779c0135-plheader-slidertrzeci-produktw08-2402desktop.jpg:0
[   13400ms] [WARNING] Failed to decode downloaded font: https://www.sinsay.com/skin/frontend/dev/narch/public/fonts/slick.-SyvVuz.woff @ https://www.sinsay.com/pl/pl/:0
[   13400ms] [WARNING] OTS parsing error: invalid sfntVersion: 1008813135 @ https://www.sinsay.com/pl/pl/:0
[   13400ms] [WARNING] Failed to decode downloaded font: https://www.sinsay.com/skin/frontend/dev/narch/public/fonts/slick.-SyvVuz.woff @ https://www.sinsay.com/pl/pl/:0
[   13400ms] [WARNING] OTS parsing error: invalid sfntVersion: 1008813135 @ https://www.sinsay.com/pl/pl/:0
[   13400ms] [WARNING] Failed to decode downloaded font: https://www.sinsay.com/skin/frontend/dev/narch/public/fonts/slick.-SyvVuz.woff @ https://www.sinsay.com/pl/pl/:0
[   13400ms] [WARNING] OTS parsing error: invalid sfntVersion: 1008813135 @ https://www.sinsay.com/pl/pl/:0
[   13401ms] [WARNING] Failed to decode downloaded font: https://www.sinsay.com/skin/frontend/dev/narch/public/fonts/slick.-SyvVuz.woff @ https://www.sinsay.com/pl/pl/:0
[   13401ms] [WARNING] OTS parsing error: invalid sfntVersion: 1008813135 @ https://www.sinsay.com/pl/pl/:0
[   13401ms] [WARNING] Failed to decode downloaded font: https://www.sinsay.com/skin/frontend/dev/narch/public/fonts/slick.-SyvVuz.woff @ https://www.sinsay.com/pl/pl/:0
[   13401ms] [WARNING] OTS parsing error: invalid sfntVersion: 1008813135 @ https://www.sinsay.com/pl/pl/:0
[   13401ms] [WARNING] Failed to decode downloaded font: https://www.sinsay.com/skin/frontend/dev/narch/public/fonts/slick.-SyvVuz.woff @ https://www.sinsay.com/pl/pl/:0
[   13401ms] [WARNING] OTS parsing error: invalid sfntVersion: 1008813135 @ https://www.sinsay.com/pl/pl/:0
[   13401ms] [WARNING] Failed to decode downloaded font: https://www.sinsay.com/skin/frontend/dev/narch/public/fonts/slick.-SyvVuz.woff @ https://www.sinsay.com/pl/pl/:0
[   13401ms] [WARNING] OTS parsing error: invalid sfntVersion: 1008813135 @ https://www.sinsay.com/pl/pl/:0
[   13401ms] [WARNING] Failed to decode downloaded font: https://www.sinsay.com/skin/frontend/dev/narch/public/fonts/slick.-SyvVuz.woff @ https://www.sinsay.com/pl/pl/:0
[   13401ms] [WARNING] OTS parsing error: invalid sfntVersion: 1008813135 @ https://www.sinsay.com/pl/pl/:0
[   13401ms] [WARNING] Failed to decode downloaded font: https://www.sinsay.com/skin/frontend/dev/narch/public/fonts/slick.-SyvVuz.woff @ https://www.sinsay.com/pl/pl/:0
[   13401ms] [WARNING] OTS parsing error: invalid sfntVersion: 1008813135 @ https://www.sinsay.com/pl/pl/:0
[   13401ms] [WARNING] Failed to decode downloaded font: https://www.sinsay.com/skin/frontend/dev/narch/public/fonts/slick.-SyvVuz.woff @ https://www.sinsay.com/pl/pl/:0
[   13401ms] [WARNING] OTS parsing error: invalid sfntVersion: 1008813135 @ https://www.sinsay.com/pl/pl/:0
[   13401ms] [WARNING] Failed to decode downloaded font: https://www.sinsay.com/skin/frontend/dev/narch/public/fonts/slick.-SyvVuz.woff @ https://www.sinsay.com/pl/pl/:0
[   13401ms] [WARNING] OTS parsing error: invalid sfntVersion: 1008813135 @ https://www.sinsay.com/pl/pl/:0
[   13401ms] [WARNING] Failed to decode downloaded font: https://www.sinsay.com/skin/frontend/dev/narch/public/fonts/slick.-SyvVuz.woff @ https://www.sinsay.com/pl/pl/:0
[   13401ms] [WARNING] OTS parsing error: invalid sfntVersion: 1008813135 @ https://www.sinsay.com/pl/pl/:0
[   13401ms] [ERROR] Failed to load resource: the server responded with a status of 404 () @ https://www.sinsay.com/skin/frontend/dev/narch/public/images/ajax-loader.t_VCtXW.gif:0
[   13436ms] [WARNING] Failed to decode downloaded font: https://www.sinsay.com/skin/frontend/dev/narch/public/fonts/slick.-SyvVuz.ttf @ https://www.sinsay.com/pl/pl/:0
[   13436ms] [WARNING] OTS parsing error: invalid sfntVersion: 1008813135 @ https://www.sinsay.com/pl/pl/:0
[   13436ms] [WARNING] Failed to decode downloaded font: https://www.sinsay.com/skin/frontend/dev/narch/public/fonts/slick.-SyvVuz.ttf @ https://www.sinsay.com/pl/pl/:0
[   13436ms] [WARNING] OTS parsing error: invalid sfntVersion: 1008813135 @ https://www.sinsay.com/pl/pl/:0
[   13436ms] [WARNING] Failed to decode downloaded font: https://www.sinsay.com/skin/frontend/dev/narch/public/fonts/slick.-SyvVuz.ttf @ https://www.sinsay.com/pl/pl/:0
[   13436ms] [WARNING] OTS parsing error: invalid sfntVersion: 1008813135 @ https://www.sinsay.com/pl/pl/:0
[   13436ms] [WARNING] Failed to decode downloaded font: https://www.sinsay.com/skin/frontend/dev/narch/public/fonts/slick.-SyvVuz.ttf @ https://www.sinsay.com/pl/pl/:0
[   13436ms] [WARNING] OTS parsing error: invalid sfntVersion: 1008813135 @ https://www.sinsay.com/pl/pl/:0
[   13436ms] [WARNING] Failed to decode downloaded font: https://www.sinsay.com/skin/frontend/dev/narch/public/fonts/slick.-SyvVuz.ttf @ https://www.sinsay.com/pl/pl/:0
[   13436ms] [WARNING] OTS parsing error: invalid sfntVersion: 1008813135 @ https://www.sinsay.com/pl/pl/:0
[   13436ms] [WARNING] Failed to decode downloaded font: https://www.sinsay.com/skin/frontend/dev/narch/public/fonts/slick.-SyvVuz.ttf @ https://www.sinsay.com/pl/pl/:0
[   13436ms] [WARNING] OTS parsing error: invalid sfntVersion: 1008813135 @ https://www.sinsay.com/pl/pl/:0
[   13436ms] [WARNING] Failed to decode downloaded font: https://www.sinsay.com/skin/frontend/dev/narch/public/fonts/slick.-SyvVuz.ttf @ https://www.sinsay.com/pl/pl/:0
[   13436ms] [WARNING] OTS parsing error: invalid sfntVersion: 1008813135 @ https://www.sinsay.com/pl/pl/:0
[   13436ms] [WARNING] Failed to decode downloaded font: https://www.sinsay.com/skin/frontend/dev/narch/public/fonts/slick.-SyvVuz.ttf @ https://www.sinsay.com/pl/pl/:0
[   13436ms] [WARNING] OTS parsing error: invalid sfntVersion: 1008813135 @ https://www.sinsay.com/pl/pl/:0
[   13436ms] [WARNING] Failed to decode downloaded font: https://www.sinsay.com/skin/frontend/dev/narch/public/fonts/slick.-SyvVuz.ttf @ https://www.sinsay.com/pl/pl/:0
[   13436ms] [WARNING] OTS parsing error: invalid sfntVersion: 1008813135 @ https://www.sinsay.com/pl/pl/:0
[   13436ms] [WARNING] Failed to decode downloaded font: https://www.sinsay.com/skin/frontend/dev/narch/public/fonts/slick.-SyvVuz.ttf @ https://www.sinsay.com/pl/pl/:0
[   13436ms] [WARNING] OTS parsing error: invalid sfntVersion: 1008813135 @ https://www.sinsay.com/pl/pl/:0
[   13436ms] [WARNING] Failed to decode downloaded font: https://www.sinsay.com/skin/frontend/dev/narch/public/fonts/slick.-SyvVuz.ttf @ https://www.sinsay.com/pl/pl/:0
[   13436ms] [WARNING] OTS parsing error: invalid sfntVersion: 1008813135 @ https://www.sinsay.com/pl/pl/:0
[   13437ms] [WARNING] Failed to decode downloaded font: https://www.sinsay.com/skin/frontend/dev/narch/public/fonts/slick.-SyvVuz.ttf @ https://www.sinsay.com/pl/pl/:0
[   13437ms] [WARNING] OTS parsing error: invalid sfntVersion: 1008813135 @ https://www.sinsay.com/pl/pl/:0
[   13507ms] [WARNING] Failed to decode downloaded font: https://www.sinsay.com/skin/frontend/dev/narch/public/fonts/slick.-SyvVuz.woff @ :0
[   13507ms] [WARNING] OTS parsing error: invalid sfntVersion: 1008813135 @ :0
[   13507ms] [WARNING] Failed to decode downloaded font: https://www.sinsay.com/skin/frontend/dev/narch/public/fonts/slick.-SyvVuz.ttf @ :0
[   13508ms] [WARNING] OTS parsing error: invalid sfntVersion: 1008813135 @ :0
[   14382ms] [WARNING] Failed to decode downloaded font: https://www.sinsay.com/skin/frontend/dev/narch/public/fonts/slick.-SyvVuz.woff @ :0
[   14382ms] [WARNING] OTS parsing error: invalid sfntVersion: 1008813135 @ :0
[   14382ms] [WARNING] Failed to decode downloaded font: https://www.sinsay.com/skin/frontend/dev/narch/public/fonts/slick.-SyvVuz.ttf @ :0
[   14382ms] [WARNING] OTS parsing error: invalid sfntVersion: 1008813135 @ :0
[   15642ms] [WARNING] Failed to decode downloaded font: https://www.sinsay.com/skin/frontend/dev/narch/public/fonts/slick.-SyvVuz.woff @ https://www.sinsay.com/pl/pl/:0
[   15642ms] [WARNING] OTS parsing error: invalid sfntVersion: 1008813135 @ https://www.sinsay.com/pl/pl/:0
[   15642ms] [WARNING] Failed to decode downloaded font: https://www.sinsay.com/skin/frontend/dev/narch/public/fonts/slick.-SyvVuz.ttf @ https://www.sinsay.com/pl/pl/:0
[   15642ms] [WARNING] OTS parsing error: invalid sfntVersion: 1008813135 @ https://www.sinsay.com/pl/pl/:0
[   20278ms] [WARNING] The resource https://static.sinsay.com/media/media/SHARED/stronywizerunkowe/sinsay/homepage-new/images/https://media.sinsay.com/media/3/t/o/96779c0135-plheader-slidertrzeci-produktw08-2402desktop.jpg was preloaded using link preload but not used within a few seconds from the window's load event. Please make sure it has an appropriate `as` value and it is preloaded intentionally. @ https://www.sinsay.com/pl/pl/:0
[   28415ms] [WARNING] The resource https://static.sinsay.com/media/media/SHARED/stronywizerunkowe/sinsay/homepage-new/images/https://media.sinsay.com/media/3/t/o/96779c0135-plheader-slidertrzeci-produktw08-2402desktop.jpg was preloaded using link preload but not used within a few seconds from the window's load event. Please make sure it has an appropriate `as` value and it is preloaded intentionally. @ https://www.sinsay.com/pl/pl/:0
[   38415ms] [WARNING] The resource https://static.sinsay.com/media/media/SHARED/stronywizerunkowe/sinsay/homepage-new/images/https://media.sinsay.com/media/3/t/o/96779c0135-plheader-slidertrzeci-produktw08-2402desktop.jpg was preloaded using link preload but not used within a few seconds from the window's load event. Please make sure it has an appropriate `as` value and it is preloaded intentionally. @ https://www.sinsay.com/pl/pl/:0
[   48428ms] [WARNING] The resource https://static.sinsay.com/media/media/SHARED/stronywizerunkowe/sinsay/homepage-new/images/https://media.sinsay.com/media/3/t/o/96779c0135-plheader-slidertrzeci-produktw08-2402desktop.jpg was preloaded using link preload but not used within a few seconds from the window's load event. Please make sure it has an appropriate `as` value and it is preloaded intentionally. @ https://www.sinsay.com/pl/pl/:0
[   53819ms] [WARNING] Failed to decode downloaded font: https://www.sinsay.com/skin/frontend/dev/narch/public/fonts/slick.-SyvVuz.woff @ https://www.sinsay.com/pl/pl/:0
[   53819ms] [WARNING] OTS parsing error: invalid sfntVersion: 1008813135 @ https://www.sinsay.com/pl/pl/:0
[   53819ms] [WARNING] Failed to decode downloaded font: https://www.sinsay.com/skin/frontend/dev/narch/public/fonts/slick.-SyvVuz.ttf @ https://www.sinsay.com/pl/pl/:0
[   53819ms] [WARNING] OTS parsing error: invalid sfntVersion: 1008813135 @ https://www.sinsay.com/pl/pl/:0
[   58518ms] [WARNING] The resource https://static.sinsay.com/media/media/SHARED/stronywizerunkowe/sinsay/homepage-new/images/https://media.sinsay.com/media/3/t/o/96779c0135-plheader-slidertrzeci-produktw08-2402desktop.jpg was preloaded using link preload but not used within a few seconds from the window's load event. Please make sure it has an appropriate `as` value and it is preloaded intentionally. @ https://www.sinsay.com/pl/pl/:0
[   68440ms] [WARNING] The resource https://static.sinsay.com/media/media/SHARED/stronywizerunkowe/sinsay/homepage-new/images/https://media.sinsay.com/media/3/t/o/96779c0135-plheader-slidertrzeci-produktw08-2402desktop.jpg was preloaded using link preload but not used within a few seconds from the window's load event. Please make sure it has an appropriate `as` value and it is preloaded intentionally. @ https://www.sinsay.com/pl/pl/:0
[   78438ms] [WARNING] The resource https://static.sinsay.com/media/media/SHARED/stronywizerunkowe/sinsay/homepage-new/images/https://media.sinsay.com/media/3/t/o/96779c0135-plheader-slidertrzeci-produktw08-2402desktop.jpg was preloaded using link preload but not used within a few seconds from the window's load event. Please make sure it has an appropriate `as` value and it is preloaded intentionally. @ https://www.sinsay.com/pl/pl/:0
[   88464ms] [WARNING] The resource https://static.sinsay.com/media/media/SHARED/stronywizerunkowe/sinsay/homepage-new/images/https://media.sinsay.com/media/3/t/o/96779c0135-plheader-slidertrzeci-produktw08-2402desktop.jpg was preloaded using link preload but not used within a few seconds from the window's load event. Please make sure it has an appropriate `as` value and it is preloaded intentionally. @ https://www.sinsay.com/pl/pl/:0
[   98477ms] [WARNING] The resource https://static.sinsay.com/media/media/SHARED/stronywizerunkowe/sinsay/homepage-new/images/https://media.sinsay.com/media/3/t/o/96779c0135-plheader-slidertrzeci-produktw08-2402desktop.jpg was preloaded using link preload but not used within a few seconds from the window's load event. Please make sure it has an appropriate `as` value and it is preloaded intentionally. @ https://www.sinsay.com/pl/pl/:0
[  108477ms] [WARNING] The resource https://static.sinsay.com/media/media/SHARED/stronywizerunkowe/sinsay/homepage-new/images/https://media.sinsay.com/media/3/t/o/96779c0135-plheader-slidertrzeci-produktw08-2402desktop.jpg was preloaded using link preload but not used within a few seconds from the window's load event. Please make sure it has an appropriate `as` value and it is preloaded intentionally. @ https://www.sinsay.com/pl/pl/:0
[  119586ms] [WARNING] The resource https://static.sinsay.com/media/media/SHARED/stronywizerunkowe/sinsay/homepage-new/images/https://media.sinsay.com/media/3/t/o/96779c0135-plheader-slidertrzeci-produktw08-2402desktop.jpg was preloaded using link preload but not used within a few seconds from the window's load event. Please make sure it has an appropriate `as` value and it is preloaded intentionally. @ https://www.sinsay.com/pl/pl/:0
[  128483ms] [WARNING] The resource https://static.sinsay.com/media/media/SHARED/stronywizerunkowe/sinsay/homepage-new/images/https://media.sinsay.com/media/3/t/o/96779c0135-plheader-slidertrzeci-produktw08-2402desktop.jpg was preloaded using link preload but not used within a few seconds from the window's load event. Please make sure it has an appropriate `as` value and it is preloaded intentionally. @ https://www.sinsay.com/pl/pl/:0
[  138488ms] [WARNING] The resource https://static.sinsay.com/media/media/SHARED/stronywizerunkowe/sinsay/homepage-new/images/https://media.sinsay.com/media/3/t/o/96779c0135-plheader-slidertrzeci-produktw08-2402desktop.jpg was preloaded using link preload but not used within a few seconds from the window's load event. Please make sure it has an appropriate `as` value and it is preloaded intentionally. @ https://www.sinsay.com/pl/pl/:0
[  148484ms] [WARNING] The resource https://static.sinsay.com/media/media/SHARED/stronywizerunkowe/sinsay/homepage-new/images/https://media.sinsay.com/media/3/t/o/96779c0135-plheader-slidertrzeci-produktw08-2402desktop.jpg was preloaded using link preload but not used within a few seconds from the window's load event. Please make sure it has an appropriate `as` value and it is preloaded intentionally. @ https://www.sinsay.com/pl/pl/:0
[  158489ms] [WARNING] The resource https://static.sinsay.com/media/media/SHARED/stronywizerunkowe/sinsay/homepage-new/images/https://media.sinsay.com/media/3/t/o/96779c0135-plheader-slidertrzeci-produktw08-2402desktop.jpg was preloaded using link preload but not used within a few seconds from the window's load event. Please make sure it has an appropriate `as` value and it is preloaded intentionally. @ https://www.sinsay.com/pl/pl/:0
[  168497ms] [WARNING] The resource https://static.sinsay.com/media/media/SHARED/stronywizerunkowe/sinsay/homepage-new/images/https://media.sinsay.com/media/3/t/o/96779c0135-plheader-slidertrzeci-produktw08-2402desktop.jpg was preloaded using link preload but not used within a few seconds from the window's load event. Please make sure it has an appropriate `as` value and it is preloaded intentionally. @ https://www.sinsay.com/pl/pl/:0
[  180533ms] [WARNING] The resource https://static.sinsay.com/media/media/SHARED/stronywizerunkowe/sinsay/homepage-new/images/https://media.sinsay.com/media/3/t/o/96779c0135-plheader-slidertrzeci-produktw08-2402desktop.jpg was preloaded using link preload but not used within a few seconds from the window's load event. Please make sure it has an appropriate `as` value and it is preloaded intentionally. @ https://www.sinsay.com/pl/pl/:0
[  188518ms] [WARNING] The resource https://static.sinsay.com/media/media/SHARED/stronywizerunkowe/sinsay/homepage-new/images/https://media.sinsay.com/media/3/t/o/96779c0135-plheader-slidertrzeci-produktw08-2402desktop.jpg was preloaded using link preload but not used within a few seconds from the window's load event. Please make sure it has an appropriate `as` value and it is preloaded intentionally. @ https://www.sinsay.com/pl/pl/:0
[  198510ms] [WARNING] The resource https://static.sinsay.com/media/media/SHARED/stronywizerunkowe/sinsay/homepage-new/images/https://media.sinsay.com/media/3/t/o/96779c0135-plheader-slidertrzeci-produktw08-2402desktop.jpg was preloaded using link preload but not used within a few seconds from the window's load event. Please make sure it has an appropriate `as` value and it is preloaded intentionally. @ https://www.sinsay.com/pl/pl/:0
[  208506ms] [WARNING] The resource https://static.sinsay.com/media/media/SHARED/stronywizerunkowe/sinsay/homepage-new/images/https://media.sinsay.com/media/3/t/o/96779c0135-plheader-slidertrzeci-produktw08-2402desktop.jpg was preloaded using link preload but not used within a few seconds from the window's load event. Please make sure it has an appropriate `as` value and it is preloaded intentionally. @ https://www.sinsay.com/pl/pl/:0
[  218520ms] [WARNING] The resource https://static.sinsay.com/media/media/SHARED/stronywizerunkowe/sinsay/homepage-new/images/https://media.sinsay.com/media/3/t/o/96779c0135-plheader-slidertrzeci-produktw08-2402desktop.jpg was preloaded using link preload but not used within a few seconds from the window's load event. Please make sure it has an appropriate `as` value and it is preloaded intentionally. @ https://www.sinsay.com/pl/pl/:0
[  230889ms] [WARNING] The resource https://static.sinsay.com/media/media/SHARED/stronywizerunkowe/sinsay/homepage-new/images/https://media.sinsay.com/media/3/t/o/96779c0135-plheader-slidertrzeci-produktw08-2402desktop.jpg was preloaded using link preload but not used within a few seconds from the window's load event. Please make sure it has an appropriate `as` value and it is preloaded intentionally. @ https://www.sinsay.com/pl/pl/:0
[  238517ms] [WARNING] The resource https://static.sinsay.com/media/media/SHARED/stronywizerunkowe/sinsay/homepage-new/images/https://media.sinsay.com/media/3/t/o/96779c0135-plheader-slidertrzeci-produktw08-2402desktop.jpg was preloaded using link preload but not used within a few seconds from the window's load event. Please make sure it has an appropriate `as` value and it is preloaded intentionally. @ https://www.sinsay.com/pl/pl/:0
[  248525ms] [WARNING] The resource https://static.sinsay.com/media/media/SHARED/stronywizerunkowe/sinsay/homepage-new/images/https://media.sinsay.com/media/3/t/o/96779c0135-plheader-slidertrzeci-produktw08-2402desktop.jpg was preloaded using link preload but not used within a few seconds from the window's load event. Please make sure it has an appropriate `as` value and it is preloaded intentionally. @ https://www.sinsay.com/pl/pl/:0
[  258524ms] [WARNING] The resource https://static.sinsay.com/media/media/SHARED/stronywizerunkowe/sinsay/homepage-new/images/https://media.sinsay.com/media/3/t/o/96779c0135-plheader-slidertrzeci-produktw08-2402desktop.jpg was preloaded using link preload but not used within a few seconds from the window's load event. Please make sure it has an appropriate `as` value and it is preloaded intentionally. @ https://www.sinsay.com/pl/pl/:0
[  268530ms] [WARNING] The resource https://static.sinsay.com/media/media/SHARED/stronywizerunkowe/sinsay/homepage-new/images/https://media.sinsay.com/media/3/t/o/96779c0135-plheader-slidertrzeci-produktw08-2402desktop.jpg was preloaded using link preload but not used within a few seconds from the window's load event. Please make sure it has an appropriate `as` value and it is preloaded intentionally. @ https://www.sinsay.com/pl/pl/:0
[  278546ms] [WARNING] The resource https://static.sinsay.com/media/media/SHARED/stronywizerunkowe/sinsay/homepage-new/images/https://media.sinsay.com/media/3/t/o/96779c0135-plheader-slidertrzeci-produktw08-2402desktop.jpg was preloaded using link preload but not used within a few seconds from the window's load event. Please make sure it has an appropriate `as` value and it is preloaded intentionally. @ https://www.sinsay.com/pl/pl/:0
[  288537ms] [WARNING] The resource https://static.sinsay.com/media/media/SHARED/stronywizerunkowe/sinsay/homepage-new/images/https://media.sinsay.com/media/3/t/o/96779c0135-plheader-slidertrzeci-produktw08-2402desktop.jpg was preloaded using link preload but not used within a few seconds from the window's load event. Please make sure it has an appropriate `as` value and it is preloaded intentionally. @ https://www.sinsay.com/pl/pl/:0
[  298535ms] [WARNING] The resource https://static.sinsay.com/media/media/SHARED/stronywizerunkowe/sinsay/homepage-new/images/https://media.sinsay.com/media/3/t/o/96779c0135-plheader-slidertrzeci-produktw08-2402desktop.jpg was preloaded using link preload but not used within a few seconds from the window's load event. Please make sure it has an appropriate `as` value and it is preloaded intentionally. @ https://www.sinsay.com/pl/pl/:0
[  308554ms] [WARNING] The resource https://static.sinsay.com/media/media/SHARED/stronywizerunkowe/sinsay/homepage-new/images/https://media.sinsay.com/media/3/t/o/96779c0135-plheader-slidertrzeci-produktw08-2402desktop.jpg was preloaded using link preload but not used within a few seconds from the window's load event. Please make sure it has an appropriate `as` value and it is preloaded intentionally. @ https://www.sinsay.com/pl/pl/:0
[  318561ms] [WARNING] The resource https://static.sinsay.com/media/media/SHARED/stronywizerunkowe/sinsay/homepage-new/images/https://media.sinsay.com/media/3/t/o/96779c0135-plheader-slidertrzeci-produktw08-2402desktop.jpg was preloaded using link preload but not used within a few seconds from the window's load event. Please make sure it has an appropriate `as` value and it is preloaded intentionally. @ https://www.sinsay.com/pl/pl/:0
[  328556ms] [WARNING] The resource https://static.sinsay.com/media/media/SHARED/stronywizerunkowe/sinsay/homepage-new/images/https://media.sinsay.com/media/3/t/o/96779c0135-plheader-slidertrzeci-produktw08-2402desktop.jpg was preloaded using link preload but not used within a few seconds from the window's load event. Please make sure it has an appropriate `as` value and it is preloaded intentionally. @ https://www.sinsay.com/pl/pl/:0
[  338933ms] [WARNING] The resource https://static.sinsay.com/media/media/SHARED/stronywizerunkowe/sinsay/homepage-new/images/https://media.sinsay.com/media/3/t/o/96779c0135-plheader-slidertrzeci-produktw08-2402desktop.jpg was preloaded using link preload but not used within a few seconds from the window's load event. Please make sure it has an appropriate `as` value and it is preloaded intentionally. @ https://www.sinsay.com/pl/pl/:0
[  348560ms] [WARNING] The resource https://static.sinsay.com/media/media/SHARED/stronywizerunkowe/sinsay/homepage-new/images/https://media.sinsay.com/media/3/t/o/96779c0135-plheader-slidertrzeci-produktw08-2402desktop.jpg was preloaded using link preload but not used within a few seconds from the window's load event. Please make sure it has an appropriate `as` value and it is preloaded intentionally. @ https://www.sinsay.com/pl/pl/:0
[  358552ms] [WARNING] The resource https://static.sinsay.com/media/media/SHARED/stronywizerunkowe/sinsay/homepage-new/images/https://media.sinsay.com/media/3/t/o/96779c0135-plheader-slidertrzeci-produktw08-2402desktop.jpg was preloaded using link preload but not used within a few seconds from the window's load event. Please make sure it has an appropriate `as` value and it is preloaded intentionally. @ https://www.sinsay.com/pl/pl/:0
[  369074ms] [WARNING] The resource https://static.sinsay.com/media/media/SHARED/stronywizerunkowe/sinsay/homepage-new/images/https://media.sinsay.com/media/3/t/o/96779c0135-plheader-slidertrzeci-produktw08-2402desktop.jpg was preloaded using link preload but not used within a few seconds from the window's load event. Please make sure it has an appropriate `as` value and it is preloaded intentionally. @ https://www.sinsay.com/pl/pl/:0
[  378564ms] [WARNING] The resource https://static.sinsay.com/media/media/SHARED/stronywizerunkowe/sinsay/homepage-new/images/https://media.sinsay.com/media/3/t/o/96779c0135-plheader-slidertrzeci-produktw08-2402desktop.jpg was preloaded using link preload but not used within a few seconds from the window's load event. Please make sure it has an appropriate `as` value and it is preloaded intentionally. @ https://www.sinsay.com/pl/pl/:0
[  388563ms] [WARNING] The resource https://static.sinsay.com/media/media/SHARED/stronywizerunkowe/sinsay/homepage-new/images/https://media.sinsay.com/media/3/t/o/96779c0135-plheader-slidertrzeci-produktw08-2402desktop.jpg was preloaded using link preload but not used within a few seconds from the window's load event. Please make sure it has an appropriate `as` value and it is preloaded intentionally. @ https://www.sinsay.com/pl/pl/:0
[  398575ms] [WARNING] The resource https://static.sinsay.com/media/media/SHARED/stronywizerunkowe/sinsay/homepage-new/images/https://media.sinsay.com/media/3/t/o/96779c0135-plheader-slidertrzeci-produktw08-2402desktop.jpg was preloaded using link preload but not used within a few seconds from the window's load event. Please make sure it has an appropriate `as` value and it is preloaded intentionally. @ https://www.sinsay.com/pl/pl/:0
[  408579ms] [WARNING] The resource https://static.sinsay.com/media/media/SHARED/stronywizerunkowe/sinsay/homepage-new/images/https://media.sinsay.com/media/3/t/o/96779c0135-plheader-slidertrzeci-produktw08-2402desktop.jpg was preloaded using link preload but not used within a few seconds from the window's load event. Please make sure it has an appropriate `as` value and it is preloaded intentionally. @ https://www.sinsay.com/pl/pl/:0
[  412718ms] [WARNING] Failed to decode downloaded font: https://www.sinsay.com/skin/frontend/dev/narch/public/fonts/slick.-SyvVuz.woff @ https://www.sinsay.com/pl/pl/:0
[  412718ms] [WARNING] OTS parsing error: invalid sfntVersion: 1008813135 @ https://www.sinsay.com/pl/pl/:0
[  412718ms] [WARNING] Failed to decode downloaded font: https://www.sinsay.com/skin/frontend/dev/narch/public/fonts/slick.-SyvVuz.ttf @ https://www.sinsay.com/pl/pl/:0
[  412718ms] [WARNING] OTS parsing error: invalid sfntVersion: 1008813135 @ https://www.sinsay.com/pl/pl/:0
[  412791ms] [WARNING] Failed to decode downloaded font: https://www.sinsay.com/skin/frontend/dev/narch/public/fonts/slick.-SyvVuz.woff @ https://www.sinsay.com/pl/pl/:0
[  412791ms] [WARNING] OTS parsing error: invalid sfntVersion: 1008813135 @ https://www.sinsay.com/pl/pl/:0
[  412791ms] [WARNING] Failed to decode downloaded font: https://www.sinsay.com/skin/frontend/dev/narch/public/fonts/slick.-SyvVuz.ttf @ https://www.sinsay.com/pl/pl/:0
[  412791ms] [WARNING] OTS parsing error: invalid sfntVersion: 1008813135 @ https://www.sinsay.com/pl/pl/:0
[  412863ms] TypeError: Cannot read properties of null (reading 'offsetWidth')
    at https://www.sinsay.com/pl/pl/skin/frontend/6.435.0/narch/store-selector-app/sinsay.js:1:368466
    at nrWrapper (<anonymous>:1:16760)
[  418571ms] [WARNING] The resource https://static.sinsay.com/media/media/SHARED/stronywizerunkowe/sinsay/homepage-new/images/https://media.sinsay.com/media/3/t/o/96779c0135-plheader-slidertrzeci-produktw08-2402desktop.jpg was preloaded using link preload but not used within a few seconds from the window's load event. Please make sure it has an appropriate `as` value and it is preloaded intentionally. @ https://www.sinsay.com/pl/pl/:0
[  423975ms] [WARNING] The resource https://static.sinsay.com/media/media/SHARED/stronywizerunkowe/sinsay/homepage-new/images/https://media.sinsay.com/media/3/t/o/96779c0135-plheader-slidertrzeci-produktw08-2402desktop.jpg was preloaded using link preload but not used within a few seconds from the window's load event. Please make sure it has an appropriate `as` value and it is preloaded intentionally. @ https://www.sinsay.com/pl/pl/:0
[  428577ms] [WARNING] The resource https://static.sinsay.com/media/media/SHARED/stronywizerunkowe/sinsay/homepage-new/images/https://media.sinsay.com/media/3/t/o/96779c0135-plheader-slidertrzeci-produktw08-2402desktop.jpg was preloaded using link preload but not used within a few seconds from the window's load event. Please make sure it has an appropriate `as` value and it is preloaded intentionally. @ https://www.sinsay.com/pl/pl/:0
[  438584ms] [WARNING] The resource https://static.sinsay.com/media/media/SHARED/stronywizerunkowe/sinsay/homepage-new/images/https://media.sinsay.com/media/3/t/o/96779c0135-plheader-slidertrzeci-produktw08-2402desktop.jpg was preloaded using link preload but not used within a few seconds from the window's load event. Please make sure it has an appropriate `as` value and it is preloaded intentionally. @ https://www.sinsay.com/pl/pl/:0
[  448587ms] [WARNING] The resource https://static.sinsay.com/media/media/SHARED/stronywizerunkowe/sinsay/homepage-new/images/https://media.sinsay.com/media/3/t/o/96779c0135-plheader-slidertrzeci-produktw08-2402desktop.jpg was preloaded using link preload but not used within a few seconds from the window's load event. Please make sure it has an appropriate `as` value and it is preloaded intentionally. @ https://www.sinsay.com/pl/pl/:0
[  458590ms] [WARNING] The resource https://static.sinsay.com/media/media/SHARED/stronywizerunkowe/sinsay/homepage-new/images/https://media.sinsay.com/media/3/t/o/96779c0135-plheader-slidertrzeci-produktw08-2402desktop.jpg was preloaded using link preload but not used within a few seconds from the window's load event. Please make sure it has an appropriate `as` value and it is preloaded intentionally. @ https://www.sinsay.com/pl/pl/:0
